==TypeChef custom_busybox/coreutils/sync.c
#lexing
True	lexing succeeded

#parsing
True	parsing succeeded

Parsing statistics: 
  Duration parsing: 2382 ms
  Tokens: 39555
  Tokens Consumed: 41772
  Tokens Backtracked: 2158
  Tokens Repeated: 59
  Conditional Tokens: 4787
  Distinct Features#: 66
  Distinct Features: CONFIG_CHOWN;CONFIG_DESKTOP;CONFIG_ECHO;CONFIG_FEATURE_ADDUSER_TO_GROUP;CONFIG_FEATURE_CHECK_NAMES;CONFIG_FEATURE_CROND_D;CONFIG_FEATURE_DEL_USER_FROM_GROUP;CONFIG_FEATURE_EDITING;CONFIG_FEATURE_EDITING_SAVEHISTORY;CONFIG_FEATURE_EDITING_SAVE_ON_EXIT;CONFIG_FEATURE_EDITING_VI;CONFIG_FEATURE_HWIB;CONFIG_FEATURE_INDIVIDUAL;CONFIG_FEATURE_IPV6;CONFIG_FEATURE_PIDFILE;CONFIG_FEATURE_PREFER_APPLETS;CONFIG_FEATURE_PS_ADDITIONAL_COLUMNS;CONFIG_FEATURE_SEAMLESS_BZ2;CONFIG_FEATURE_SEAMLESS_GZ;CONFIG_FEATURE_SEAMLESS_LZMA;CONFIG_FEATURE_SEAMLESS_XZ;CONFIG_FEATURE_SEAMLESS_Z;CONFIG_FEATURE_SECURETTY;CONFIG_FEATURE_SETPRIV_CAPABILITIES;CONFIG_FEATURE_SHADOWPASSWDS;CONFIG_FEATURE_SHOW_THREADS;CONFIG_FEATURE_SYNC_FANCY;CONFIG_FEATURE_SYSLOG;CONFIG_FEATURE_SYSLOG_INFO;CONFIG_FEATURE_TAB_COMPLETION;CONFIG_FEATURE_TOPMEM;CONFIG_FEATURE_TOP_SMP_PROCESS;CONFIG_FEATURE_USERNAME_COMPLETION;CONFIG_FEATURE_UTMP;CONFIG_FEATURE_VERBOSE;CONFIG_FLOAT_DURATION;CONFIG_FSYNC;CONFIG_IOCTL_HEX2STR_ERROR;CONFIG_KILL;CONFIG_KILLALL;CONFIG_KILLALL5;CONFIG_LFS;CONFIG_LOCALE_SUPPORT;CONFIG_LONG_OPTS;CONFIG_LS;CONFIG_NOMMU;CONFIG_PAM;CONFIG_PGREP;CONFIG_PIDOF;CONFIG_PKILL;CONFIG_PMAP;CONFIG_PRINTF;CONFIG_ROUTE;CONFIG_RUN_INIT;CONFIG_SELINUX;CONFIG_SESTATUS;CONFIG_SHELL_ASH;CONFIG_SHELL_HUSH;CONFIG_SYNC;CONFIG_TEST;CONFIG_TEST1;CONFIG_TEST2;CONFIG_USE_BB_CRYPT;CONFIG_USE_BB_PWD_GRP;CONFIG_USE_BB_SHADOW;CONFIG_WARN_SIMPLE_MSG
  Distinct Feature Expressions: 95
  Choice Nodes: 0

#type checking
  - I [def(CONFIG_FEATURE_SYNC_FANCY)] file custom_busybox/coreutils/sync.c:71:3--file custom_busybox/coreutils/sync.c:71:9
	syncfs undeclared
Found 1 type errors: 
#call graph
timing (loadFM, lexing, parsing, typechecking, interfaces, writeInterfaces, dumpCFG)
94;1082;2964;663;10;30;479
==TypeChef custom_busybox/networking/telnetd.c
#lexing
True	lexing succeeded

#parsing
True	parsing succeeded

Parsing statistics: 
  Duration parsing: 3210 ms
  Tokens: 43413
  Tokens Consumed: 46783
  Tokens Backtracked: 3325
  Tokens Repeated: 45
  Conditional Tokens: 5339
  Distinct Features#: 65
  Distinct Features: CONFIG_CHOWN;CONFIG_DESKTOP;CONFIG_ECHO;CONFIG_FEATURE_ADDUSER_TO_GROUP;CONFIG_FEATURE_CHECK_NAMES;CONFIG_FEATURE_CROND_D;CONFIG_FEATURE_DEL_USER_FROM_GROUP;CONFIG_FEATURE_EDITING;CONFIG_FEATURE_EDITING_SAVEHISTORY;CONFIG_FEATURE_EDITING_SAVE_ON_EXIT;CONFIG_FEATURE_EDITING_VI;CONFIG_FEATURE_HWIB;CONFIG_FEATURE_INDIVIDUAL;CONFIG_FEATURE_IPV6;CONFIG_FEATURE_PIDFILE;CONFIG_FEATURE_PREFER_APPLETS;CONFIG_FEATURE_PS_ADDITIONAL_COLUMNS;CONFIG_FEATURE_SEAMLESS_BZ2;CONFIG_FEATURE_SEAMLESS_GZ;CONFIG_FEATURE_SEAMLESS_LZMA;CONFIG_FEATURE_SEAMLESS_XZ;CONFIG_FEATURE_SEAMLESS_Z;CONFIG_FEATURE_SECURETTY;CONFIG_FEATURE_SETPRIV_CAPABILITIES;CONFIG_FEATURE_SHADOWPASSWDS;CONFIG_FEATURE_SHOW_THREADS;CONFIG_FEATURE_SYSLOG;CONFIG_FEATURE_SYSLOG_INFO;CONFIG_FEATURE_TAB_COMPLETION;CONFIG_FEATURE_TELNETD_INETD_WAIT;CONFIG_FEATURE_TELNETD_STANDALONE;CONFIG_FEATURE_TOPMEM;CONFIG_FEATURE_TOP_SMP_PROCESS;CONFIG_FEATURE_USERNAME_COMPLETION;CONFIG_FEATURE_UTMP;CONFIG_FEATURE_VERBOSE;CONFIG_FLOAT_DURATION;CONFIG_IOCTL_HEX2STR_ERROR;CONFIG_KILL;CONFIG_KILLALL;CONFIG_KILLALL5;CONFIG_LFS;CONFIG_LOCALE_SUPPORT;CONFIG_LONG_OPTS;CONFIG_LS;CONFIG_NOMMU;CONFIG_PAM;CONFIG_PGREP;CONFIG_PIDOF;CONFIG_PKILL;CONFIG_PMAP;CONFIG_PRINTF;CONFIG_ROUTE;CONFIG_RUN_INIT;CONFIG_SELINUX;CONFIG_SESTATUS;CONFIG_SHELL_ASH;CONFIG_SHELL_HUSH;CONFIG_TEST;CONFIG_TEST1;CONFIG_TEST2;CONFIG_USE_BB_CRYPT;CONFIG_USE_BB_PWD_GRP;CONFIG_USE_BB_SHADOW;CONFIG_WARN_SIMPLE_MSG
  Distinct Feature Expressions: 90
  Choice Nodes: 0

#type checking
  - W [True] file custom_busybox/networking/telnetd.c:564:1--file custom_busybox/networking/telnetd.c:565:1
	assignment discards 'const' qualifier from pointer target type (CType(CPointer(CSignUnspecified(CChar())),true,false,false) = CType(CPointer(CSignUnspecified(CChar())),true,false,true))
  - I [def(CONFIG_FEATURE_TELNETD_STANDALONE)] file custom_busybox/networking/telnetd.c:717:22--file custom_busybox/networking/telnetd.c:717:57
	CONFIG_FEATURE_TELNETD_PORT_DEFAULT undeclared
Found 1 type errors: 
#call graph
timing (loadFM, lexing, parsing, typechecking, interfaces, writeInterfaces, dumpCFG)
98;1328;4058;709;16;54;796
==TypeChef custom_busybox/util-linux/nsenter.c
#lexing
True	lexing succeeded

#parsing
True	parsing succeeded

Parsing statistics: 
  Duration parsing: 2853 ms
  Tokens: 40578
  Tokens Consumed: 42747
  Tokens Backtracked: 2143
  Tokens Repeated: 26
  Conditional Tokens: 4699
  Distinct Features#: 63
  Distinct Features: CONFIG_CHOWN;CONFIG_DESKTOP;CONFIG_ECHO;CONFIG_FEATURE_ADDUSER_TO_GROUP;CONFIG_FEATURE_CHECK_NAMES;CONFIG_FEATURE_CROND_D;CONFIG_FEATURE_DEL_USER_FROM_GROUP;CONFIG_FEATURE_EDITING;CONFIG_FEATURE_EDITING_SAVEHISTORY;CONFIG_FEATURE_EDITING_SAVE_ON_EXIT;CONFIG_FEATURE_EDITING_VI;CONFIG_FEATURE_HWIB;CONFIG_FEATURE_INDIVIDUAL;CONFIG_FEATURE_IPV6;CONFIG_FEATURE_PIDFILE;CONFIG_FEATURE_PREFER_APPLETS;CONFIG_FEATURE_PS_ADDITIONAL_COLUMNS;CONFIG_FEATURE_SEAMLESS_BZ2;CONFIG_FEATURE_SEAMLESS_GZ;CONFIG_FEATURE_SEAMLESS_LZMA;CONFIG_FEATURE_SEAMLESS_XZ;CONFIG_FEATURE_SEAMLESS_Z;CONFIG_FEATURE_SECURETTY;CONFIG_FEATURE_SETPRIV_CAPABILITIES;CONFIG_FEATURE_SHADOWPASSWDS;CONFIG_FEATURE_SHOW_THREADS;CONFIG_FEATURE_SYSLOG;CONFIG_FEATURE_SYSLOG_INFO;CONFIG_FEATURE_TAB_COMPLETION;CONFIG_FEATURE_TOPMEM;CONFIG_FEATURE_TOP_SMP_PROCESS;CONFIG_FEATURE_USERNAME_COMPLETION;CONFIG_FEATURE_UTMP;CONFIG_FEATURE_VERBOSE;CONFIG_FLOAT_DURATION;CONFIG_IOCTL_HEX2STR_ERROR;CONFIG_KILL;CONFIG_KILLALL;CONFIG_KILLALL5;CONFIG_LFS;CONFIG_LOCALE_SUPPORT;CONFIG_LONG_OPTS;CONFIG_LS;CONFIG_NOMMU;CONFIG_PAM;CONFIG_PGREP;CONFIG_PIDOF;CONFIG_PKILL;CONFIG_PMAP;CONFIG_PRINTF;CONFIG_ROUTE;CONFIG_RUN_INIT;CONFIG_SELINUX;CONFIG_SESTATUS;CONFIG_SHELL_ASH;CONFIG_SHELL_HUSH;CONFIG_TEST;CONFIG_TEST1;CONFIG_TEST2;CONFIG_USE_BB_CRYPT;CONFIG_USE_BB_PWD_GRP;CONFIG_USE_BB_SHADOW;CONFIG_WARN_SIMPLE_MSG
  Distinct Feature Expressions: 86
  Choice Nodes: 0

#type checking
  - I [True] file custom_busybox/util-linux/nsenter.c:219:6--file custom_busybox/util-linux/nsenter.c:219:11
	setns undeclared
Found 1 type errors: 
#call graph
timing (loadFM, lexing, parsing, typechecking, interfaces, writeInterfaces, dumpCFG)
96;1283;3756;742;10;36;608
==TypeChef custom_busybox/archival/gzip.c
#lexing
True	lexing succeeded

#parsing
True	parsing succeeded

Parsing statistics: 
  Duration parsing: 4054 ms
  Tokens: 51398
  Tokens Consumed: 58901
  Tokens Backtracked: 6868
  Tokens Repeated: 635
  Conditional Tokens: 5130
  Distinct Features#: 80
  Distinct Features: CONFIG_CHOWN;CONFIG_CPIO;CONFIG_DESKTOP;CONFIG_DPKG;CONFIG_DPKG_DEB;CONFIG_ECHO;CONFIG_FEATURE_ADDUSER_TO_GROUP;CONFIG_FEATURE_AR_CREATE;CONFIG_FEATURE_AR_LONG_FILENAMES;CONFIG_FEATURE_CHECK_NAMES;CONFIG_FEATURE_CROND_D;CONFIG_FEATURE_DEL_USER_FROM_GROUP;CONFIG_FEATURE_EDITING;CONFIG_FEATURE_EDITING_SAVEHISTORY;CONFIG_FEATURE_EDITING_SAVE_ON_EXIT;CONFIG_FEATURE_EDITING_VI;CONFIG_FEATURE_GZIP_DECOMPRESS;CONFIG_FEATURE_GZIP_LEVELS;CONFIG_FEATURE_GZIP_LONG_OPTIONS;CONFIG_FEATURE_HWIB;CONFIG_FEATURE_INDIVIDUAL;CONFIG_FEATURE_IPV6;CONFIG_FEATURE_PIDFILE;CONFIG_FEATURE_PREFER_APPLETS;CONFIG_FEATURE_PS_ADDITIONAL_COLUMNS;CONFIG_FEATURE_SEAMLESS_BZ2;CONFIG_FEATURE_SEAMLESS_GZ;CONFIG_FEATURE_SEAMLESS_LZMA;CONFIG_FEATURE_SEAMLESS_XZ;CONFIG_FEATURE_SEAMLESS_Z;CONFIG_FEATURE_SECURETTY;CONFIG_FEATURE_SETPRIV_CAPABILITIES;CONFIG_FEATURE_SHADOWPASSWDS;CONFIG_FEATURE_SHOW_THREADS;CONFIG_FEATURE_SYSLOG;CONFIG_FEATURE_SYSLOG_INFO;CONFIG_FEATURE_TAB_COMPLETION;CONFIG_FEATURE_TAR_GNU_EXTENSIONS;CONFIG_FEATURE_TAR_LONG_OPTIONS;CONFIG_FEATURE_TAR_SELINUX;CONFIG_FEATURE_TAR_TO_COMMAND;CONFIG_FEATURE_TAR_UNAME_GNAME;CONFIG_FEATURE_TOPMEM;CONFIG_FEATURE_TOP_SMP_PROCESS;CONFIG_FEATURE_USERNAME_COMPLETION;CONFIG_FEATURE_UTMP;CONFIG_FEATURE_VERBOSE;CONFIG_FLOAT_DURATION;CONFIG_IOCTL_HEX2STR_ERROR;CONFIG_KILL;CONFIG_KILLALL;CONFIG_KILLALL5;CONFIG_LFS;CONFIG_LOCALE_SUPPORT;CONFIG_LONG_OPTS;CONFIG_LS;CONFIG_NOMMU;CONFIG_PAM;CONFIG_PGREP;CONFIG_PIDOF;CONFIG_PKILL;CONFIG_PMAP;CONFIG_PRINTF;CONFIG_ROUTE;CONFIG_RPM;CONFIG_RPM2CPIO;CONFIG_RUN_INIT;CONFIG_SELINUX;CONFIG_SESTATUS;CONFIG_SHELL_ASH;CONFIG_SHELL_HUSH;CONFIG_TAR;CONFIG_TEST;CONFIG_TEST1;CONFIG_TEST2;CONFIG_USE_BB_CRYPT;CONFIG_USE_BB_PWD_GRP;CONFIG_USE_BB_SHADOW;CONFIG_WARN_SIMPLE_MSG;CONFIG_ZCAT
  Distinct Feature Expressions: 120
  Choice Nodes: 0

#type checking
  - I [True] file custom_busybox/archival/gzip.c:483:29--file custom_busybox/archival/gzip.c:483:46
	CONFIG_GZIP_FAST undeclared
  - I [True] file custom_busybox/archival/gzip.c:483:29--file custom_busybox/archival/gzip.c:483:46
	CONFIG_GZIP_FAST undeclared
Found 2 type errors: 
#call graph
timing (loadFM, lexing, parsing, typechecking, interfaces, writeInterfaces, dumpCFG)
100;1330;4764;819;12;34;1057
==TypeChef custom_busybox/shell/ash.c
#lexing
True	lexing succeeded

#parsing
True	parsing succeeded

Parsing statistics: 
  Duration parsing: 7346 ms
  Tokens: 106564
  Tokens Consumed: 135472
  Tokens Backtracked: 26175
  Tokens Repeated: 2733
  Conditional Tokens: 24752
  Distinct Features#: 91
  Distinct Features: CONFIG_ASH_ALIAS;CONFIG_ASH_BASH_COMPAT;CONFIG_ASH_BASH_NOT_FOUND_HOOK;CONFIG_ASH_BASH_SOURCE_CURDIR;CONFIG_ASH_CMDCMD;CONFIG_ASH_ECHO;CONFIG_ASH_EXPAND_PRMT;CONFIG_ASH_GETOPTS;CONFIG_ASH_HELP;CONFIG_ASH_IDLE_TIMEOUT;CONFIG_ASH_INTERNAL_GLOB;CONFIG_ASH_JOB_CONTROL;CONFIG_ASH_MAIL;CONFIG_ASH_OPTIMIZE_FOR_SIZE;CONFIG_ASH_PRINTF;CONFIG_ASH_RANDOM_SUPPORT;CONFIG_ASH_TEST;CONFIG_BUILD_LIBBUSYBOX;CONFIG_CHOWN;CONFIG_DESKTOP;CONFIG_ECHO;CONFIG_FEATURE_ADDUSER_TO_GROUP;CONFIG_FEATURE_CHECK_NAMES;CONFIG_FEATURE_CHECK_UNICODE_IN_ENV;CONFIG_FEATURE_CROND_D;CONFIG_FEATURE_DEL_USER_FROM_GROUP;CONFIG_FEATURE_EDITING;CONFIG_FEATURE_EDITING_FANCY_PROMPT;CONFIG_FEATURE_EDITING_SAVEHISTORY;CONFIG_FEATURE_EDITING_SAVE_ON_EXIT;CONFIG_FEATURE_EDITING_VI;CONFIG_FEATURE_HWIB;CONFIG_FEATURE_INDIVIDUAL;CONFIG_FEATURE_IPV6;CONFIG_FEATURE_PIDFILE;CONFIG_FEATURE_PREFER_APPLETS;CONFIG_FEATURE_PS_ADDITIONAL_COLUMNS;CONFIG_FEATURE_SEAMLESS_BZ2;CONFIG_FEATURE_SEAMLESS_GZ;CONFIG_FEATURE_SEAMLESS_LZMA;CONFIG_FEATURE_SEAMLESS_XZ;CONFIG_FEATURE_SEAMLESS_Z;CONFIG_FEATURE_SECURETTY;CONFIG_FEATURE_SETPRIV_CAPABILITIES;CONFIG_FEATURE_SHADOWPASSWDS;CONFIG_FEATURE_SHARED_BUSYBOX;CONFIG_FEATURE_SHOW_THREADS;CONFIG_FEATURE_SH_EXTRA_QUIET;CONFIG_FEATURE_SH_HISTFILESIZE;CONFIG_FEATURE_SH_MATH;CONFIG_FEATURE_SH_MATH_64;CONFIG_FEATURE_SH_NOFORK;CONFIG_FEATURE_SYSLOG;CONFIG_FEATURE_SYSLOG_INFO;CONFIG_FEATURE_TAB_COMPLETION;CONFIG_FEATURE_TOPMEM;CONFIG_FEATURE_TOP_SMP_PROCESS;CONFIG_FEATURE_USERNAME_COMPLETION;CONFIG_FEATURE_UTMP;CONFIG_FEATURE_VERBOSE;CONFIG_FLOAT_DURATION;CONFIG_INSTALL_NO_USR;CONFIG_IOCTL_HEX2STR_ERROR;CONFIG_KILL;CONFIG_KILLALL;CONFIG_KILLALL5;CONFIG_LFS;CONFIG_LOCALE_SUPPORT;CONFIG_LONG_OPTS;CONFIG_LS;CONFIG_NOMMU;CONFIG_PAM;CONFIG_PGREP;CONFIG_PIDOF;CONFIG_PKILL;CONFIG_PMAP;CONFIG_PRINTF;CONFIG_ROUTE;CONFIG_RUN_INIT;CONFIG_SELINUX;CONFIG_SESTATUS;CONFIG_SHELL_HUSH;CONFIG_TEST;CONFIG_TEST1;CONFIG_TEST2;CONFIG_UNICODE_SUPPORT;CONFIG_UNICODE_USING_LOCALE;CONFIG_USE_BB_CRYPT;CONFIG_USE_BB_PWD_GRP;CONFIG_USE_BB_SHADOW;CONFIG_WARN_SIMPLE_MSG
  Distinct Feature Expressions: 189
  Choice Nodes: 0

#type checking
  - W [True] file custom_busybox/shell/ash.c:2491:17--file custom_busybox/shell/ash.c:2491:23
	incompatible pointer types CType(CPointer(CSignUnspecified(CChar())),true,false,false) != CType(CPointer(CSignUnspecified(CChar())),true,false,true)
  - W [True] file custom_busybox/shell/ash.c:2808:6--file custom_busybox/shell/ash.c:2808:16
	incompatible pointer types CType(CPointer(CSignUnspecified(CChar())),true,false,false) > CType(CPointer(CSignUnspecified(CChar())),true,false,true)
  - W [True] file custom_busybox/shell/ash.c:2824:11--file custom_busybox/shell/ash.c:2824:20
	incompatible pointer types CType(CPointer(CSignUnspecified(CChar())),true,false,false) > CType(CPointer(CSignUnspecified(CChar())),true,false,true)
  - W [True] file custom_busybox/shell/ash.c:2840:5--file custom_busybox/shell/ash.c:2840:14
	incompatible pointer types CType(CPointer(CSignUnspecified(CChar())),true,false,false) > CType(CPointer(CSignUnspecified(CChar())),true,false,true)
  - W [True] file custom_busybox/shell/ash.c:2873:5--file custom_busybox/shell/ash.c:2873:19
	incompatible pointer types CType(CPointer(CSignUnspecified(CChar())),true,false,false) == CType(CPointer(CSignUnspecified(CChar())),true,false,true)
  - W [def(CONFIG_ASH_CMDCMD)] file custom_busybox/shell/ash.c:8866:4--file custom_busybox/shell/ash.c:8867:4
	assignment discards 'const' qualifier from pointer target type (CType(CPointer(CSignUnspecified(CChar())),true,false,false) = CType(CPointer(CSignUnspecified(CChar())),false,false,true))
  - F [(def(CONFIG_FEATURE_EDITING)&!def(CONFIG_FEATURE_TAB_COMPLETION))] file custom_busybox/shell/ash.c:9771:3--file custom_busybox/shell/ash.c:9771:34
	member get_exe_name unknown in line_input_t
  - F [(def(CONFIG_FEATURE_EDITING)&!def(CONFIG_FEATURE_TAB_COMPLETION))] file custom_busybox/shell/ash.c:9772:3--file custom_busybox/shell/ash.c:9772:32
	member sh_get_var unknown in line_input_t
Found 2 type errors: 
#call graph
timing (loadFM, lexing, parsing, typechecking, interfaces, writeInterfaces, dumpCFG)
107;1527;8299;1486;36;66;6751
Aug. 27, 2022 2:53:41 PM de.fosd.typechef.lexer.PreprocessorListener print
WARNUNG: custom_busybox/shell/ash.c:250:73: warning: Unnecessary escape character -
custom_busybox/shell/ash.c:250:73: warning: Unnecessary escape character -
Aug. 27, 2022 2:53:41 PM de.fosd.typechef.lexer.PreprocessorListener print
SCHWERWIEGEND: custom_busybox/shell/ash.c:303:2: error: #error "Do not even bother, ash will not run on NOMMU machine"
; condition: def(CONFIG_NOMMU)
custom_busybox/shell/ash.c:303:2: error: #error "Do not even bother, ash will not run on NOMMU machine"
; condition: def(CONFIG_NOMMU)
==TypeChef custom_busybox/shell/hush.c
#lexing
True	lexing succeeded

#parsing
True	parsing succeeded

Parsing statistics: 
  Duration parsing: 6996 ms
  Tokens: 90373
  Tokens Consumed: 120046
  Tokens Backtracked: 20839
  Tokens Repeated: 8834
  Conditional Tokens: 32141
  Distinct Features#: 111
  Distinct Features: CONFIG_BUILD_LIBBUSYBOX;CONFIG_CHOWN;CONFIG_DESKTOP;CONFIG_ECHO;CONFIG_FEATURE_ADDUSER_TO_GROUP;CONFIG_FEATURE_CHECK_NAMES;CONFIG_FEATURE_CHECK_UNICODE_IN_ENV;CONFIG_FEATURE_CLEAN_UP;CONFIG_FEATURE_CROND_D;CONFIG_FEATURE_DEL_USER_FROM_GROUP;CONFIG_FEATURE_EDITING;CONFIG_FEATURE_EDITING_FANCY_PROMPT;CONFIG_FEATURE_EDITING_SAVEHISTORY;CONFIG_FEATURE_EDITING_SAVE_ON_EXIT;CONFIG_FEATURE_EDITING_VI;CONFIG_FEATURE_HWIB;CONFIG_FEATURE_INDIVIDUAL;CONFIG_FEATURE_IPV6;CONFIG_FEATURE_PIDFILE;CONFIG_FEATURE_PREFER_APPLETS;CONFIG_FEATURE_PS_ADDITIONAL_COLUMNS;CONFIG_FEATURE_SEAMLESS_BZ2;CONFIG_FEATURE_SEAMLESS_GZ;CONFIG_FEATURE_SEAMLESS_LZMA;CONFIG_FEATURE_SEAMLESS_XZ;CONFIG_FEATURE_SEAMLESS_Z;CONFIG_FEATURE_SECURETTY;CONFIG_FEATURE_SETPRIV_CAPABILITIES;CONFIG_FEATURE_SHADOWPASSWDS;CONFIG_FEATURE_SHARED_BUSYBOX;CONFIG_FEATURE_SHOW_THREADS;CONFIG_FEATURE_SH_EXTRA_QUIET;CONFIG_FEATURE_SH_HISTFILESIZE;CONFIG_FEATURE_SH_MATH;CONFIG_FEATURE_SH_MATH_64;CONFIG_FEATURE_SH_NOFORK;CONFIG_FEATURE_SH_STANDALONE;CONFIG_FEATURE_SYSLOG;CONFIG_FEATURE_SYSLOG_INFO;CONFIG_FEATURE_TAB_COMPLETION;CONFIG_FEATURE_TOPMEM;CONFIG_FEATURE_TOP_SMP_PROCESS;CONFIG_FEATURE_USERNAME_COMPLETION;CONFIG_FEATURE_UTMP;CONFIG_FEATURE_VERBOSE;CONFIG_FLOAT_DURATION;CONFIG_HUSH_BASH_COMPAT;CONFIG_HUSH_BASH_SOURCE_CURDIR;CONFIG_HUSH_BRACE_EXPANSION;CONFIG_HUSH_CASE;CONFIG_HUSH_COMMAND;CONFIG_HUSH_ECHO;CONFIG_HUSH_EXPORT;CONFIG_HUSH_EXPORT_N;CONFIG_HUSH_FUNCTIONS;CONFIG_HUSH_GETOPTS;CONFIG_HUSH_HELP;CONFIG_HUSH_IF;CONFIG_HUSH_INTERACTIVE;CONFIG_HUSH_JOB;CONFIG_HUSH_KILL;CONFIG_HUSH_LINENO_VAR;CONFIG_HUSH_LOCAL;CONFIG_HUSH_LOOPS;CONFIG_HUSH_MEMLEAK;CONFIG_HUSH_MODE_X;CONFIG_HUSH_PRINTF;CONFIG_HUSH_RANDOM_SUPPORT;CONFIG_HUSH_READ;CONFIG_HUSH_READONLY;CONFIG_HUSH_SAVEHISTORY;CONFIG_HUSH_SET;CONFIG_HUSH_TEST;CONFIG_HUSH_TICK;CONFIG_HUSH_TIMES;CONFIG_HUSH_TRAP;CONFIG_HUSH_TYPE;CONFIG_HUSH_ULIMIT;CONFIG_HUSH_UMASK;CONFIG_HUSH_UNSET;CONFIG_HUSH_WAIT;CONFIG_INSTALL_NO_USR;CONFIG_IOCTL_HEX2STR_ERROR;CONFIG_KILL;CONFIG_KILLALL;CONFIG_KILLALL5;CONFIG_LFS;CONFIG_LOCALE_SUPPORT;CONFIG_LONG_OPTS;CONFIG_LS;CONFIG_NOMMU;CONFIG_PAM;CONFIG_PGREP;CONFIG_PIDOF;CONFIG_PKILL;CONFIG_PMAP;CONFIG_PRINTF;CONFIG_ROUTE;CONFIG_RUN_INIT;CONFIG_SELINUX;CONFIG_SESTATUS;CONFIG_SHELL_ASH;CONFIG_TEST;CONFIG_TEST1;CONFIG_TEST2;CONFIG_UNICODE_SUPPORT;CONFIG_UNICODE_USING_LOCALE;CONFIG_USE_BB_CRYPT;CONFIG_USE_BB_PWD_GRP;CONFIG_USE_BB_SHADOW;CONFIG_WARN_SIMPLE_MSG
  Distinct Feature Expressions: 324
  Choice Nodes: 0

#type checking
  - W [True] file custom_busybox/shell/hush.c:1038:10--file custom_busybox/shell/hush.c:6141:3
	incompatible pointer types CType(CPointer(CSignUnspecified(CChar())),true,false,false) != CType(CPointer(CSignUnspecified(CChar())),true,false,true)
  - W [def(CONFIG_FEATURE_SH_MATH)] file custom_busybox/shell/hush.c:6491:2--file custom_busybox/shell/hush.c:6492:1
	assignment discards 'const' qualifier from pointer target type (CType(CPointer(CSignUnspecified(CChar())),true,false,false) = CType(CPointer(CSignUnspecified(CChar())),true,false,true))
  - W [True] file custom_busybox/shell/hush.c:1038:10--file custom_busybox/shell/hush.c:9245:30
	incompatible pointer types CType(CPointer(CSignUnspecified(CChar())),true,false,false) != CType(CPointer(CSignUnspecified(CChar())),true,false,true)
  - F [(def(CONFIG_HUSH_INTERACTIVE)&def(CONFIG_HUSH_JOB)&!def(CONFIG_FEATURE_TAB_COMPLETION)&def(CONFIG_FEATURE_EDITING))] file custom_busybox/shell/hush.c:1038:10--file custom_busybox/shell/hush.c:10671:35
	member get_exe_name unknown in line_input_t
  - F [(def(CONFIG_HUSH_INTERACTIVE)&def(CONFIG_HUSH_JOB)&!def(CONFIG_FEATURE_TAB_COMPLETION)&def(CONFIG_FEATURE_EDITING))] file custom_busybox/shell/hush.c:1038:10--file custom_busybox/shell/hush.c:10672:33
	member sh_get_var unknown in line_input_t
Found 2 type errors: 
#call graph
timing (loadFM, lexing, parsing, typechecking, interfaces, writeInterfaces, dumpCFG)
130;1426;7966;1071;25;47;6867
==TypeChef custom_busybox/libbb/lineedit.c
#lexing
True	lexing succeeded

#parsing
True	parsing succeeded

Parsing statistics: 
  Duration parsing: 4267 ms
  Tokens: 58452
  Tokens Consumed: 69255
  Tokens Backtracked: 9914
  Tokens Repeated: 889
  Conditional Tokens: 23540
  Distinct Features#: 77
  Distinct Features: CONFIG_BUILD_LIBBUSYBOX;CONFIG_CHOWN;CONFIG_DESKTOP;CONFIG_ECHO;CONFIG_FEATURE_ADDUSER_TO_GROUP;CONFIG_FEATURE_CHECK_NAMES;CONFIG_FEATURE_CHECK_UNICODE_IN_ENV;CONFIG_FEATURE_CROND_D;CONFIG_FEATURE_DEL_USER_FROM_GROUP;CONFIG_FEATURE_EDITING;CONFIG_FEATURE_EDITING_ASK_TERMINAL;CONFIG_FEATURE_EDITING_FANCY_PROMPT;CONFIG_FEATURE_EDITING_SAVEHISTORY;CONFIG_FEATURE_EDITING_SAVE_ON_EXIT;CONFIG_FEATURE_EDITING_VI;CONFIG_FEATURE_EDITING_WINCH;CONFIG_FEATURE_HWIB;CONFIG_FEATURE_INDIVIDUAL;CONFIG_FEATURE_IPV6;CONFIG_FEATURE_PIDFILE;CONFIG_FEATURE_PREFER_APPLETS;CONFIG_FEATURE_PS_ADDITIONAL_COLUMNS;CONFIG_FEATURE_REVERSE_SEARCH;CONFIG_FEATURE_SEAMLESS_BZ2;CONFIG_FEATURE_SEAMLESS_GZ;CONFIG_FEATURE_SEAMLESS_LZMA;CONFIG_FEATURE_SEAMLESS_XZ;CONFIG_FEATURE_SEAMLESS_Z;CONFIG_FEATURE_SECURETTY;CONFIG_FEATURE_SETPRIV_CAPABILITIES;CONFIG_FEATURE_SHADOWPASSWDS;CONFIG_FEATURE_SHARED_BUSYBOX;CONFIG_FEATURE_SHOW_THREADS;CONFIG_FEATURE_SYSLOG;CONFIG_FEATURE_SYSLOG_INFO;CONFIG_FEATURE_TAB_COMPLETION;CONFIG_FEATURE_TOPMEM;CONFIG_FEATURE_TOP_SMP_PROCESS;CONFIG_FEATURE_USERNAME_COMPLETION;CONFIG_FEATURE_UTMP;CONFIG_FEATURE_VERBOSE;CONFIG_FLOAT_DURATION;CONFIG_INSTALL_NO_USR;CONFIG_IOCTL_HEX2STR_ERROR;CONFIG_KILL;CONFIG_KILLALL;CONFIG_KILLALL5;CONFIG_LFS;CONFIG_LOCALE_SUPPORT;CONFIG_LONG_OPTS;CONFIG_LS;CONFIG_NOMMU;CONFIG_PAM;CONFIG_PGREP;CONFIG_PIDOF;CONFIG_PKILL;CONFIG_PMAP;CONFIG_PRINTF;CONFIG_ROUTE;CONFIG_RUN_INIT;CONFIG_SELINUX;CONFIG_SESTATUS;CONFIG_SHELL_ASH;CONFIG_SHELL_HUSH;CONFIG_TEST;CONFIG_TEST1;CONFIG_TEST2;CONFIG_UNICODE_BIDI_SUPPORT;CONFIG_UNICODE_COMBINING_WCHARS;CONFIG_UNICODE_PRESERVE_BROKEN;CONFIG_UNICODE_SUPPORT;CONFIG_UNICODE_USING_LOCALE;CONFIG_UNICODE_WIDE_WCHARS;CONFIG_USE_BB_CRYPT;CONFIG_USE_BB_PWD_GRP;CONFIG_USE_BB_SHADOW;CONFIG_WARN_SIMPLE_MSG
  Distinct Feature Expressions: 143
  Choice Nodes: 0

#type checking
  - F [(!def(CONFIG_FEATURE_TAB_COMPLETION)&((def(CONFIG_FEATURE_USERNAME_COMPLETION)&(def(CONFIG_SHELL_ASH)|def(CONFIG_SHELL_HUSH)))|(def(CONFIG_FEATURE_EDITING_FANCY_PROMPT)&(def(CONFIG_SHELL_ASH)|def(CONFIG_SHELL_HUSH))&!def(CONFIG_FEATURE_USERNAME_COMPLETION)))&def(CONFIG_FEATURE_EDITING))] file custom_busybox/libbb/lineedit.c:195:25--file custom_busybox/libbb/lineedit.c:265:26
	member sh_get_var unknown in line_input_t
  - E [(!def(CONFIG_FEATURE_TAB_COMPLETION)&((def(CONFIG_FEATURE_USERNAME_COMPLETION)&(def(CONFIG_SHELL_ASH)|def(CONFIG_SHELL_HUSH)))|(def(CONFIG_FEATURE_EDITING_FANCY_PROMPT)&(def(CONFIG_SHELL_ASH)|def(CONFIG_SHELL_HUSH))&!def(CONFIG_FEATURE_USERNAME_COMPLETION)))&def(CONFIG_FEATURE_EDITING))] file custom_busybox/libbb/lineedit.c:195:25--file custom_busybox/libbb/lineedit.c:265:70
	invalid type of condition: CType(CUnknown(member sh_get_var unknown in line_input_t),true,false,false)
  - E [(!def(CONFIG_FEATURE_TAB_COMPLETION)&((def(CONFIG_FEATURE_USERNAME_COMPLETION)&(def(CONFIG_SHELL_ASH)|def(CONFIG_SHELL_HUSH)))|(def(CONFIG_FEATURE_EDITING_FANCY_PROMPT)&(def(CONFIG_SHELL_ASH)|def(CONFIG_SHELL_HUSH))&!def(CONFIG_FEATURE_USERNAME_COMPLETION)))&def(CONFIG_FEATURE_EDITING))] file custom_busybox/libbb/lineedit.c:265:1--file custom_busybox/libbb/lineedit.c:269:1
	incorrect assignment with CType(CPointer(CSignUnspecified(CChar())),true,false,true) = CType(CUnknown(invalid type of condition: CType(CUnknown(member sh_get_var unknown in line_input_t),true,false,false)),false,false,false)
  - F [(def(CONFIG_FEATURE_EDITING_FANCY_PROMPT)&def(CONFIG_SHELL_ASH)&!def(CONFIG_FEATURE_TAB_COMPLETION)&def(CONFIG_FEATURE_EDITING))] file custom_busybox/libbb/lineedit.c:195:25--file custom_busybox/libbb/lineedit.c:2040:7
	member sh_get_var unknown in line_input_t
  - E [(def(CONFIG_FEATURE_EDITING_FANCY_PROMPT)&def(CONFIG_SHELL_ASH)&!def(CONFIG_FEATURE_TAB_COMPLETION)&def(CONFIG_FEATURE_EDITING))] file custom_busybox/libbb/lineedit.c:195:25--file custom_busybox/libbb/lineedit.c:2041:38
	invalid type of condition: CType(CUnknown(member sh_get_var unknown in line_input_t),true,false,false)
  - E [(def(CONFIG_FEATURE_EDITING_FANCY_PROMPT)&def(CONFIG_SHELL_ASH)&!def(CONFIG_FEATURE_TAB_COMPLETION)&def(CONFIG_FEATURE_EDITING))] file custom_busybox/libbb/lineedit.c:2039:6--file custom_busybox/libbb/lineedit.c:2045:6
	incorrect assignment with CType(CPointer(CSignUnspecified(CChar())),true,false,false) = CType(CUnknown(invalid type of condition: CType(CUnknown(member sh_get_var unknown in line_input_t),true,false,false)),false,false,false)
Found 6 type errors: 
#call graph
timing (loadFM, lexing, parsing, typechecking, interfaces, writeInterfaces, dumpCFG)
1;1256;5084;1204;29;67;1616
