==TypeChef custom_busybox/coreutils/sync.c
#lexing
True	lexing succeeded

#parsing
True	parsing succeeded

Parsing statistics: 
  Duration parsing: 2209 ms
  Tokens: 39484
  Tokens Consumed: 41712
  Tokens Backtracked: 2169
  Tokens Repeated: 59
  Conditional Tokens: 4765
  Distinct Features#: 72
  Distinct Features: CONFIG_ASH;CONFIG_BASH_IS_ASH;CONFIG_BASH_IS_HUSH;CONFIG_CHOWN;CONFIG_DESKTOP;CONFIG_ECHO;CONFIG_FEATURE_ADDUSER_TO_GROUP;CONFIG_FEATURE_CHECK_NAMES;CONFIG_FEATURE_CROND_D;CONFIG_FEATURE_DEL_USER_FROM_GROUP;CONFIG_FEATURE_EDITING;CONFIG_FEATURE_EDITING_SAVEHISTORY;CONFIG_FEATURE_EDITING_SAVE_ON_EXIT;CONFIG_FEATURE_EDITING_VI;CONFIG_FEATURE_HWIB;CONFIG_FEATURE_INDIVIDUAL;CONFIG_FEATURE_IPV6;CONFIG_FEATURE_PIDFILE;CONFIG_FEATURE_PREFER_APPLETS;CONFIG_FEATURE_PS_ADDITIONAL_COLUMNS;CONFIG_FEATURE_SEAMLESS_BZ2;CONFIG_FEATURE_SEAMLESS_GZ;CONFIG_FEATURE_SEAMLESS_LZMA;CONFIG_FEATURE_SEAMLESS_XZ;CONFIG_FEATURE_SEAMLESS_Z;CONFIG_FEATURE_SECURETTY;CONFIG_FEATURE_SETPRIV_CAPABILITIES;CONFIG_FEATURE_SHADOWPASSWDS;CONFIG_FEATURE_SHOW_THREADS;CONFIG_FEATURE_SYNC_FANCY;CONFIG_FEATURE_SYSLOG;CONFIG_FEATURE_SYSLOG_INFO;CONFIG_FEATURE_TAB_COMPLETION;CONFIG_FEATURE_TOPMEM;CONFIG_FEATURE_TOP_SMP_PROCESS;CONFIG_FEATURE_USERNAME_COMPLETION;CONFIG_FEATURE_UTMP;CONFIG_FEATURE_VERBOSE;CONFIG_FLOAT_DURATION;CONFIG_FSYNC;CONFIG_HUSH;CONFIG_IOCTL_HEX2STR_ERROR;CONFIG_KILL;CONFIG_KILLALL;CONFIG_KILLALL5;CONFIG_LFS;CONFIG_LOCALE_SUPPORT;CONFIG_LONG_OPTS;CONFIG_LS;CONFIG_NOMMU;CONFIG_PAM;CONFIG_PGREP;CONFIG_PIDOF;CONFIG_PKILL;CONFIG_PMAP;CONFIG_PRINTF;CONFIG_ROUTE;CONFIG_RUN_INIT;CONFIG_SELINUX;CONFIG_SESTATUS;CONFIG_SHELL_ASH;CONFIG_SHELL_HUSH;CONFIG_SH_IS_ASH;CONFIG_SH_IS_HUSH;CONFIG_SYNC;CONFIG_TEST;CONFIG_TEST1;CONFIG_TEST2;CONFIG_USE_BB_CRYPT;CONFIG_USE_BB_PWD_GRP;CONFIG_USE_BB_SHADOW;CONFIG_WARN_SIMPLE_MSG
  Distinct Feature Expressions: 95
  Choice Nodes: 0

#type checking
  - I [def(CONFIG_FEATURE_SYNC_FANCY)] file custom_busybox/coreutils/sync.c:71:3--file custom_busybox/coreutils/sync.c:71:9
	syncfs undeclared
Found 1 type errors: 
#call graph
timing (loadFM, lexing, parsing, typechecking, interfaces, writeInterfaces, dumpCFG)
112;1426;2868;591;10;299;536
==TypeChef custom_busybox/networking/telnetd.c
#lexing
True	lexing succeeded

#parsing
True	parsing succeeded

Parsing statistics: 
  Duration parsing: 5593 ms
  Tokens: 43343
  Tokens Consumed: 46724
  Tokens Backtracked: 3336
  Tokens Repeated: 45
  Conditional Tokens: 5318
  Distinct Features#: 71
  Distinct Features: CONFIG_ASH;CONFIG_BASH_IS_ASH;CONFIG_BASH_IS_HUSH;CONFIG_CHOWN;CONFIG_DESKTOP;CONFIG_ECHO;CONFIG_FEATURE_ADDUSER_TO_GROUP;CONFIG_FEATURE_CHECK_NAMES;CONFIG_FEATURE_CROND_D;CONFIG_FEATURE_DEL_USER_FROM_GROUP;CONFIG_FEATURE_EDITING;CONFIG_FEATURE_EDITING_SAVEHISTORY;CONFIG_FEATURE_EDITING_SAVE_ON_EXIT;CONFIG_FEATURE_EDITING_VI;CONFIG_FEATURE_HWIB;CONFIG_FEATURE_INDIVIDUAL;CONFIG_FEATURE_IPV6;CONFIG_FEATURE_PIDFILE;CONFIG_FEATURE_PREFER_APPLETS;CONFIG_FEATURE_PS_ADDITIONAL_COLUMNS;CONFIG_FEATURE_SEAMLESS_BZ2;CONFIG_FEATURE_SEAMLESS_GZ;CONFIG_FEATURE_SEAMLESS_LZMA;CONFIG_FEATURE_SEAMLESS_XZ;CONFIG_FEATURE_SEAMLESS_Z;CONFIG_FEATURE_SECURETTY;CONFIG_FEATURE_SETPRIV_CAPABILITIES;CONFIG_FEATURE_SHADOWPASSWDS;CONFIG_FEATURE_SHOW_THREADS;CONFIG_FEATURE_SYSLOG;CONFIG_FEATURE_SYSLOG_INFO;CONFIG_FEATURE_TAB_COMPLETION;CONFIG_FEATURE_TELNETD_INETD_WAIT;CONFIG_FEATURE_TELNETD_STANDALONE;CONFIG_FEATURE_TOPMEM;CONFIG_FEATURE_TOP_SMP_PROCESS;CONFIG_FEATURE_USERNAME_COMPLETION;CONFIG_FEATURE_UTMP;CONFIG_FEATURE_VERBOSE;CONFIG_FLOAT_DURATION;CONFIG_HUSH;CONFIG_IOCTL_HEX2STR_ERROR;CONFIG_KILL;CONFIG_KILLALL;CONFIG_KILLALL5;CONFIG_LFS;CONFIG_LOCALE_SUPPORT;CONFIG_LONG_OPTS;CONFIG_LS;CONFIG_NOMMU;CONFIG_PAM;CONFIG_PGREP;CONFIG_PIDOF;CONFIG_PKILL;CONFIG_PMAP;CONFIG_PRINTF;CONFIG_ROUTE;CONFIG_RUN_INIT;CONFIG_SELINUX;CONFIG_SESTATUS;CONFIG_SHELL_ASH;CONFIG_SHELL_HUSH;CONFIG_SH_IS_ASH;CONFIG_SH_IS_HUSH;CONFIG_TEST;CONFIG_TEST1;CONFIG_TEST2;CONFIG_USE_BB_CRYPT;CONFIG_USE_BB_PWD_GRP;CONFIG_USE_BB_SHADOW;CONFIG_WARN_SIMPLE_MSG
  Distinct Feature Expressions: 90
  Choice Nodes: 0

#type checking
  - W [True] file custom_busybox/networking/telnetd.c:564:1--file custom_busybox/networking/telnetd.c:565:1
	assignment discards 'const' qualifier from pointer target type (CType(CPointer(CSignUnspecified(CChar())),true,false,false) = CType(CPointer(CSignUnspecified(CChar())),true,false,true))
  - I [def(CONFIG_FEATURE_TELNETD_STANDALONE)] file custom_busybox/networking/telnetd.c:717:22--file custom_busybox/networking/telnetd.c:717:57
	CONFIG_FEATURE_TELNETD_PORT_DEFAULT undeclared
Found 1 type errors: 
#call graph
timing (loadFM, lexing, parsing, typechecking, interfaces, writeInterfaces, dumpCFG)
216;1952;6413;886;28;72;1550
==TypeChef custom_busybox/util-linux/nsenter.c
#lexing
True	lexing succeeded

#parsing
True	parsing succeeded

Parsing statistics: 
  Duration parsing: 4755 ms
  Tokens: 40495
  Tokens Consumed: 42675
  Tokens Backtracked: 2154
  Tokens Repeated: 26
  Conditional Tokens: 4677
  Distinct Features#: 69
  Distinct Features: CONFIG_ASH;CONFIG_BASH_IS_ASH;CONFIG_BASH_IS_HUSH;CONFIG_CHOWN;CONFIG_DESKTOP;CONFIG_ECHO;CONFIG_FEATURE_ADDUSER_TO_GROUP;CONFIG_FEATURE_CHECK_NAMES;CONFIG_FEATURE_CROND_D;CONFIG_FEATURE_DEL_USER_FROM_GROUP;CONFIG_FEATURE_EDITING;CONFIG_FEATURE_EDITING_SAVEHISTORY;CONFIG_FEATURE_EDITING_SAVE_ON_EXIT;CONFIG_FEATURE_EDITING_VI;CONFIG_FEATURE_HWIB;CONFIG_FEATURE_INDIVIDUAL;CONFIG_FEATURE_IPV6;CONFIG_FEATURE_PIDFILE;CONFIG_FEATURE_PREFER_APPLETS;CONFIG_FEATURE_PS_ADDITIONAL_COLUMNS;CONFIG_FEATURE_SEAMLESS_BZ2;CONFIG_FEATURE_SEAMLESS_GZ;CONFIG_FEATURE_SEAMLESS_LZMA;CONFIG_FEATURE_SEAMLESS_XZ;CONFIG_FEATURE_SEAMLESS_Z;CONFIG_FEATURE_SECURETTY;CONFIG_FEATURE_SETPRIV_CAPABILITIES;CONFIG_FEATURE_SHADOWPASSWDS;CONFIG_FEATURE_SHOW_THREADS;CONFIG_FEATURE_SYSLOG;CONFIG_FEATURE_SYSLOG_INFO;CONFIG_FEATURE_TAB_COMPLETION;CONFIG_FEATURE_TOPMEM;CONFIG_FEATURE_TOP_SMP_PROCESS;CONFIG_FEATURE_USERNAME_COMPLETION;CONFIG_FEATURE_UTMP;CONFIG_FEATURE_VERBOSE;CONFIG_FLOAT_DURATION;CONFIG_HUSH;CONFIG_IOCTL_HEX2STR_ERROR;CONFIG_KILL;CONFIG_KILLALL;CONFIG_KILLALL5;CONFIG_LFS;CONFIG_LOCALE_SUPPORT;CONFIG_LONG_OPTS;CONFIG_LS;CONFIG_NOMMU;CONFIG_PAM;CONFIG_PGREP;CONFIG_PIDOF;CONFIG_PKILL;CONFIG_PMAP;CONFIG_PRINTF;CONFIG_ROUTE;CONFIG_RUN_INIT;CONFIG_SELINUX;CONFIG_SESTATUS;CONFIG_SHELL_ASH;CONFIG_SHELL_HUSH;CONFIG_SH_IS_ASH;CONFIG_SH_IS_HUSH;CONFIG_TEST;CONFIG_TEST1;CONFIG_TEST2;CONFIG_USE_BB_CRYPT;CONFIG_USE_BB_PWD_GRP;CONFIG_USE_BB_SHADOW;CONFIG_WARN_SIMPLE_MSG
  Distinct Feature Expressions: 86
  Choice Nodes: 0

#type checking
  - I [True] file custom_busybox/util-linux/nsenter.c:219:6--file custom_busybox/util-linux/nsenter.c:219:11
	setns undeclared
Found 1 type errors: 
#call graph
timing (loadFM, lexing, parsing, typechecking, interfaces, writeInterfaces, dumpCFG)
173;1622;6061;1341;20;89;730
==TypeChef custom_busybox/archival/gzip.c
#lexing
True	lexing succeeded

#parsing
True	parsing succeeded

Parsing statistics: 
  Duration parsing: 4213 ms
  Tokens: 51339
  Tokens Consumed: 58864
  Tokens Backtracked: 6886
  Tokens Repeated: 639
  Conditional Tokens: 5108
  Distinct Features#: 86
  Distinct Features: CONFIG_ASH;CONFIG_BASH_IS_ASH;CONFIG_BASH_IS_HUSH;CONFIG_CHOWN;CONFIG_CPIO;CONFIG_DESKTOP;CONFIG_DPKG;CONFIG_DPKG_DEB;CONFIG_ECHO;CONFIG_FEATURE_ADDUSER_TO_GROUP;CONFIG_FEATURE_AR_CREATE;CONFIG_FEATURE_AR_LONG_FILENAMES;CONFIG_FEATURE_CHECK_NAMES;CONFIG_FEATURE_CROND_D;CONFIG_FEATURE_DEL_USER_FROM_GROUP;CONFIG_FEATURE_EDITING;CONFIG_FEATURE_EDITING_SAVEHISTORY;CONFIG_FEATURE_EDITING_SAVE_ON_EXIT;CONFIG_FEATURE_EDITING_VI;CONFIG_FEATURE_GZIP_DECOMPRESS;CONFIG_FEATURE_GZIP_LEVELS;CONFIG_FEATURE_GZIP_LONG_OPTIONS;CONFIG_FEATURE_HWIB;CONFIG_FEATURE_INDIVIDUAL;CONFIG_FEATURE_IPV6;CONFIG_FEATURE_PIDFILE;CONFIG_FEATURE_PREFER_APPLETS;CONFIG_FEATURE_PS_ADDITIONAL_COLUMNS;CONFIG_FEATURE_SEAMLESS_BZ2;CONFIG_FEATURE_SEAMLESS_GZ;CONFIG_FEATURE_SEAMLESS_LZMA;CONFIG_FEATURE_SEAMLESS_XZ;CONFIG_FEATURE_SEAMLESS_Z;CONFIG_FEATURE_SECURETTY;CONFIG_FEATURE_SETPRIV_CAPABILITIES;CONFIG_FEATURE_SHADOWPASSWDS;CONFIG_FEATURE_SHOW_THREADS;CONFIG_FEATURE_SYSLOG;CONFIG_FEATURE_SYSLOG_INFO;CONFIG_FEATURE_TAB_COMPLETION;CONFIG_FEATURE_TAR_GNU_EXTENSIONS;CONFIG_FEATURE_TAR_LONG_OPTIONS;CONFIG_FEATURE_TAR_SELINUX;CONFIG_FEATURE_TAR_TO_COMMAND;CONFIG_FEATURE_TAR_UNAME_GNAME;CONFIG_FEATURE_TOPMEM;CONFIG_FEATURE_TOP_SMP_PROCESS;CONFIG_FEATURE_USERNAME_COMPLETION;CONFIG_FEATURE_UTMP;CONFIG_FEATURE_VERBOSE;CONFIG_FLOAT_DURATION;CONFIG_HUSH;CONFIG_IOCTL_HEX2STR_ERROR;CONFIG_KILL;CONFIG_KILLALL;CONFIG_KILLALL5;CONFIG_LFS;CONFIG_LOCALE_SUPPORT;CONFIG_LONG_OPTS;CONFIG_LS;CONFIG_NOMMU;CONFIG_PAM;CONFIG_PGREP;CONFIG_PIDOF;CONFIG_PKILL;CONFIG_PMAP;CONFIG_PRINTF;CONFIG_ROUTE;CONFIG_RPM;CONFIG_RPM2CPIO;CONFIG_RUN_INIT;CONFIG_SELINUX;CONFIG_SESTATUS;CONFIG_SHELL_ASH;CONFIG_SHELL_HUSH;CONFIG_SH_IS_ASH;CONFIG_SH_IS_HUSH;CONFIG_TAR;CONFIG_TEST;CONFIG_TEST1;CONFIG_TEST2;CONFIG_USE_BB_CRYPT;CONFIG_USE_BB_PWD_GRP;CONFIG_USE_BB_SHADOW;CONFIG_WARN_SIMPLE_MSG;CONFIG_ZCAT
  Distinct Feature Expressions: 120
  Choice Nodes: 0

#type checking
  - I [True] file custom_busybox/archival/gzip.c:483:29--file custom_busybox/archival/gzip.c:483:46
	CONFIG_GZIP_FAST undeclared
  - I [True] file custom_busybox/archival/gzip.c:483:29--file custom_busybox/archival/gzip.c:483:46
	CONFIG_GZIP_FAST undeclared
Found 2 type errors: 
#call graph
timing (loadFM, lexing, parsing, typechecking, interfaces, writeInterfaces, dumpCFG)
109;1332;5094;949;11;28;1028
==TypeChef custom_busybox/shell/ash.c
#lexing
True	lexing succeeded

#parsing
True	parsing succeeded

Parsing statistics: 
  Duration parsing: 10695 ms
  Tokens: 105994
  Tokens Consumed: 134638
  Tokens Backtracked: 25916
  Tokens Repeated: 2728
  Conditional Tokens: 24453
  Distinct Features#: 96
  Distinct Features: CONFIG_ASH;CONFIG_ASH_ALIAS;CONFIG_ASH_BASH_COMPAT;CONFIG_ASH_BASH_NOT_FOUND_HOOK;CONFIG_ASH_BASH_SOURCE_CURDIR;CONFIG_ASH_CMDCMD;CONFIG_ASH_ECHO;CONFIG_ASH_EXPAND_PRMT;CONFIG_ASH_GETOPTS;CONFIG_ASH_HELP;CONFIG_ASH_IDLE_TIMEOUT;CONFIG_ASH_INTERNAL_GLOB;CONFIG_ASH_JOB_CONTROL;CONFIG_ASH_MAIL;CONFIG_ASH_OPTIMIZE_FOR_SIZE;CONFIG_ASH_PRINTF;CONFIG_ASH_RANDOM_SUPPORT;CONFIG_ASH_TEST;CONFIG_BASH_IS_ASH;CONFIG_BASH_IS_HUSH;CONFIG_BUILD_LIBBUSYBOX;CONFIG_CHOWN;CONFIG_DESKTOP;CONFIG_ECHO;CONFIG_FEATURE_ADDUSER_TO_GROUP;CONFIG_FEATURE_CHECK_NAMES;CONFIG_FEATURE_CHECK_UNICODE_IN_ENV;CONFIG_FEATURE_CROND_D;CONFIG_FEATURE_DEL_USER_FROM_GROUP;CONFIG_FEATURE_EDITING;CONFIG_FEATURE_EDITING_FANCY_PROMPT;CONFIG_FEATURE_EDITING_SAVEHISTORY;CONFIG_FEATURE_EDITING_SAVE_ON_EXIT;CONFIG_FEATURE_EDITING_VI;CONFIG_FEATURE_HWIB;CONFIG_FEATURE_INDIVIDUAL;CONFIG_FEATURE_IPV6;CONFIG_FEATURE_PIDFILE;CONFIG_FEATURE_PREFER_APPLETS;CONFIG_FEATURE_PS_ADDITIONAL_COLUMNS;CONFIG_FEATURE_SEAMLESS_BZ2;CONFIG_FEATURE_SEAMLESS_GZ;CONFIG_FEATURE_SEAMLESS_LZMA;CONFIG_FEATURE_SEAMLESS_XZ;CONFIG_FEATURE_SEAMLESS_Z;CONFIG_FEATURE_SECURETTY;CONFIG_FEATURE_SETPRIV_CAPABILITIES;CONFIG_FEATURE_SHADOWPASSWDS;CONFIG_FEATURE_SHARED_BUSYBOX;CONFIG_FEATURE_SHOW_THREADS;CONFIG_FEATURE_SH_EXTRA_QUIET;CONFIG_FEATURE_SH_HISTFILESIZE;CONFIG_FEATURE_SH_MATH;CONFIG_FEATURE_SH_MATH_64;CONFIG_FEATURE_SH_NOFORK;CONFIG_FEATURE_SYSLOG;CONFIG_FEATURE_SYSLOG_INFO;CONFIG_FEATURE_TAB_COMPLETION;CONFIG_FEATURE_TOPMEM;CONFIG_FEATURE_TOP_SMP_PROCESS;CONFIG_FEATURE_USERNAME_COMPLETION;CONFIG_FEATURE_UTMP;CONFIG_FEATURE_VERBOSE;CONFIG_FLOAT_DURATION;CONFIG_HUSH;CONFIG_INSTALL_NO_USR;CONFIG_IOCTL_HEX2STR_ERROR;CONFIG_KILL;CONFIG_KILLALL;CONFIG_KILLALL5;CONFIG_LFS;CONFIG_LOCALE_SUPPORT;CONFIG_LONG_OPTS;CONFIG_LS;CONFIG_NOMMU;CONFIG_PAM;CONFIG_PGREP;CONFIG_PIDOF;CONFIG_PKILL;CONFIG_PMAP;CONFIG_PRINTF;CONFIG_ROUTE;CONFIG_RUN_INIT;CONFIG_SELINUX;CONFIG_SESTATUS;CONFIG_SH_IS_ASH;CONFIG_SH_IS_HUSH;CONFIG_TEST;CONFIG_TEST1;CONFIG_TEST2;CONFIG_UNICODE_SUPPORT;CONFIG_UNICODE_USING_LOCALE;CONFIG_USE_BB_CRYPT;CONFIG_USE_BB_PWD_GRP;CONFIG_USE_BB_SHADOW;CONFIG_WARN_SIMPLE_MSG
  Distinct Feature Expressions: 190
  Choice Nodes: 0

#type checking
  - W [True] file custom_busybox/shell/ash.c:2498:17--file custom_busybox/shell/ash.c:2498:23
	incompatible pointer types CType(CPointer(CSignUnspecified(CChar())),true,false,false) != CType(CPointer(CSignUnspecified(CChar())),true,false,true)
  - W [True] file custom_busybox/shell/ash.c:2815:6--file custom_busybox/shell/ash.c:2815:16
	incompatible pointer types CType(CPointer(CSignUnspecified(CChar())),true,false,false) > CType(CPointer(CSignUnspecified(CChar())),true,false,true)
  - W [True] file custom_busybox/shell/ash.c:2831:11--file custom_busybox/shell/ash.c:2831:20
	incompatible pointer types CType(CPointer(CSignUnspecified(CChar())),true,false,false) > CType(CPointer(CSignUnspecified(CChar())),true,false,true)
  - W [True] file custom_busybox/shell/ash.c:2847:5--file custom_busybox/shell/ash.c:2847:14
	incompatible pointer types CType(CPointer(CSignUnspecified(CChar())),true,false,false) > CType(CPointer(CSignUnspecified(CChar())),true,false,true)
  - W [True] file custom_busybox/shell/ash.c:2880:5--file custom_busybox/shell/ash.c:2880:19
	incompatible pointer types CType(CPointer(CSignUnspecified(CChar())),true,false,false) == CType(CPointer(CSignUnspecified(CChar())),true,false,true)
  - W [def(CONFIG_ASH_CMDCMD)] file custom_busybox/shell/ash.c:8841:4--file custom_busybox/shell/ash.c:8842:4
	assignment discards 'const' qualifier from pointer target type (CType(CPointer(CSignUnspecified(CChar())),true,false,false) = CType(CPointer(CSignUnspecified(CChar())),false,false,true))
  - F [!def(CONFIG_ASH_ALIAS)] file custom_busybox/shell/ash.c:10930:6--file custom_busybox/shell/ash.c:10930:12
	member ap unknown in strpush
  - I [!def(CONFIG_ASH_ALIAS)] file custom_busybox/shell/ash.c:10931:20--file custom_busybox/shell/ash.c:10931:30
	ALIASINUSE undeclared
  - E [!def(CONFIG_ASH_ALIAS)] file custom_busybox/shell/ash.c:10931:19--file custom_busybox/shell/ash.c:10931:30
	incorrect type, expected integer, was CType(CUnknown(ALIASINUSE),false,false,false)
  - F [!def(CONFIG_ASH_ALIAS)] file custom_busybox/shell/ash.c:10931:3--file custom_busybox/shell/ash.c:10931:16
	member ap unknown in strpush
  - E [!def(CONFIG_ASH_ALIAS)] file custom_busybox/shell/ash.c:10931:3--file custom_busybox/shell/ash.c:10931:16
	invalid * on PostfixExpr(Id(sp),PointerPostfixSuffix(->,Id(ap))) (CUnknown(member ap unknown in strpush))
  - E [!def(CONFIG_ASH_ALIAS)] file custom_busybox/shell/ash.c:10931:3--file custom_busybox/shell/ash.c:10931:16
	request for member flag in something not a structure or union (PostfixExpr(PointerDerefExpr(PostfixExpr(Id(sp),PointerPostfixSuffix(->,Id(ap)))),PointerPostfixSuffix(.,Id(flag))); CType(CUnknown(invalid * on PostfixExpr(Id(sp),PointerPostfixSuffix(->,Id(ap))) (CUnknown(member ap unknown in strpush))),true,false,false))
  - F [!def(CONFIG_ASH_ALIAS)] file custom_busybox/shell/ash.c:10932:7--file custom_busybox/shell/ash.c:10932:20
	member ap unknown in strpush
  - E [!def(CONFIG_ASH_ALIAS)] file custom_busybox/shell/ash.c:10932:7--file custom_busybox/shell/ash.c:10932:20
	invalid * on PostfixExpr(Id(sp),PointerPostfixSuffix(->,Id(ap))) (CUnknown(member ap unknown in strpush))
  - E [!def(CONFIG_ASH_ALIAS)] file custom_busybox/shell/ash.c:10932:7--file custom_busybox/shell/ash.c:10932:20
	request for member flag in something not a structure or union (PostfixExpr(PointerDerefExpr(PostfixExpr(Id(sp),PointerPostfixSuffix(->,Id(ap)))),PointerPostfixSuffix(.,Id(flag))); CType(CUnknown(invalid * on PostfixExpr(Id(sp),PointerPostfixSuffix(->,Id(ap))) (CUnknown(member ap unknown in strpush))),true,false,false))
  - I [!def(CONFIG_ASH_ALIAS)] file custom_busybox/shell/ash.c:10932:22--file custom_busybox/shell/ash.c:10932:31
	ALIASDEAD undeclared
  - I [!def(CONFIG_ASH_ALIAS)] file custom_busybox/shell/ash.c:10933:4--file custom_busybox/shell/ash.c:10933:11
	unalias undeclared (only under condition def(CONFIG_ASH_ALIAS))
  - F [!def(CONFIG_ASH_ALIAS)] file custom_busybox/shell/ash.c:10933:12--file custom_busybox/shell/ash.c:10933:24
	member ap unknown in strpush
  - E [!def(CONFIG_ASH_ALIAS)] file custom_busybox/shell/ash.c:10933:12--file custom_busybox/shell/ash.c:10933:24
	invalid * on PostfixExpr(Id(sp),PointerPostfixSuffix(->,Id(ap))) (CUnknown(member ap unknown in strpush))
  - E [!def(CONFIG_ASH_ALIAS)] file custom_busybox/shell/ash.c:10933:12--file custom_busybox/shell/ash.c:10933:24
	request for member name in something not a structure or union (PostfixExpr(PointerDerefExpr(PostfixExpr(Id(sp),PointerPostfixSuffix(->,Id(ap)))),PointerPostfixSuffix(.,Id(name))); CType(CUnknown(invalid * on PostfixExpr(Id(sp),PointerPostfixSuffix(->,Id(ap))) (CUnknown(member ap unknown in strpush))),true,false,false))
Found 14 type errors: 
#call graph
timing (loadFM, lexing, parsing, typechecking, interfaces, writeInterfaces, dumpCFG)
236;2592;12134;2348;36;483;10637
Aug 25, 2022 6:14:31 PM de.fosd.typechef.lexer.PreprocessorListener print
WARNUNG: custom_busybox/shell/ash.c:250:73: warning: Unnecessary escape character -
custom_busybox/shell/ash.c:250:73: warning: Unnecessary escape character -
Aug 25, 2022 6:14:31 PM de.fosd.typechef.lexer.PreprocessorListener print
SCHWERWIEGEND: custom_busybox/shell/ash.c:303:2: error: #error "Do not even bother, ash will not run on NOMMU machine"
; condition: def(CONFIG_NOMMU)
custom_busybox/shell/ash.c:303:2: error: #error "Do not even bother, ash will not run on NOMMU machine"
; condition: def(CONFIG_NOMMU) 
